Write VTK file to poisson_res_50.vtk: Write VTK file to poisson_res_50.vtk: Write VTK file to poisson_res_50.vtk: Write VTK file to poisson_res_50.vtk: Write VTK file to poisson_res_50.vtk: Write VTK file to poisson_res_75.vtk: Write VTK file to poisson_res_75.vtk: Write VTK file to poisson_res_75.vtk: Write VTK file to poisson_res_75.vtk: Write VTK file to poisson_res_75.vtk: Write VTK file to poisson_res_100.vtk: Write VTK file to poisson_res_100.vtk: Write VTK file to poisson_res_100.vtk: Write VTK file to poisson_res_100.vtk: Write VTK file to poisson_res_100.vtk: Write VTK file to poisson_res_125.vtk: Write VTK file to poisson_res_125.vtk: Write VTK file to poisson_res_125.vtk: Write VTK file to poisson_res_125.vtk: Write VTK file to poisson_res_125.vtk: Write VTK file to poisson_res_150.vtk: Write VTK file to poisson_res_150.vtk: Write VTK file to poisson_res_150.vtk: Write VTK file to poisson_res_150.vtk: Write VTK file to poisson_res_150.vtk: Write VTK file to poisson_res_175.vtk: Write VTK file to poisson_res_175.vtk: Write VTK file to poisson_res_175.vtk: Write VTK file to poisson_res_175.vtk: Write VTK file to poisson_res_175.vtk: Write VTK file to poisson_res_200.vtk: Write VTK file to poisson_res_200.vtk: Write VTK file to poisson_res_200.vtk: Write VTK file to poisson_res_200.vtk: Write VTK file to poisson_res_200.vtk: 
------------------------------------------------------------
Sender: LSF System <lsfadmin@n-62-21-93>
Subject: Job 9098962: <mm_batch> in cluster <dcc> Done

Job <mm_batch> was submitted from host <gbarlogin1> by user <s202489> in cluster <dcc> at Thu Jan 14 22:09:01 2021
Job was executed on host(s) <16*n-62-21-93>, in queue <hpcintro>, as user <s202489> in cluster <dcc> at Thu Jan 14 22:09:03 2021
</zhome/fe/3/153614> was used as the home directory.
</zhome/fe/3/153614/high-performance-computing/assignment-2r/jacobi_omp> was used as the working directory.
Started at Thu Jan 14 22:09:03 2021
Terminated at Thu Jan 14 22:14:27 2021
Results reported at Thu Jan 14 22:14:27 2021

Your job looked like:

------------------------------------------------------------
# LSBATCH: User input
#!/bin/bash
#BSUB -J mm_batch
#BSUB -o mm_batch_%J.out
#BSUB -q hpcintro
#BSUB -n 16
#BSUB -R "rusage[mem=2048]"
#BSUB -W 15

EXECUTABLE_J=poisson_j
EXECUTABLE_GS=poisson_gs
MAX_ITER=1000
TOLERANCE=0.1
TEMPERATURE=10.0
OUTPUT_TYPE=4
OUTFILE="results.txt"
rm $OUTFILE

echo "size(N) iter time(total) iter/s memory(kBytes)" >> $OUTFILE
for i in 50 75 100 125 150 175 200 
do
	for NUM_THREADS in 1 2 4 8 16
	do
		OMP_NUM_THREADS=$NUM_THREADS ./$EXECUTABLE_J $i $MAX_ITER $TOLERANCE $TEMPERATURE $OUTPUT_TYPE >> $OUTFILE
	done
done


------------------------------------------------------------

Successfully completed.

Resource usage summary:

    CPU time :                                   646.55 sec.
    Max Memory :                                 187 MB
    Average Memory :                             143.00 MB
    Total Requested Memory :                     32768.00 MB
    Delta Memory :                               32581.00 MB
    Max Swap :                                   -
    Max Processes :                              4
    Max Threads :                                6
    Run time :                                   370 sec.
    Turnaround time :                            326 sec.

The output (if any) is above this job summary.

