rm: cannot remove 'results.txt': No such file or directory
Write VTK file to poisson_res_50.vtk: Write VTK file to poisson_res_75.vtk: Write VTK file to poisson_res_100.vtk: Write VTK file to poisson_res_125.vtk: Write VTK file to poisson_res_150.vtk: Write VTK file to poisson_res_175.vtk: Write VTK file to poisson_res_200.vtk: 
------------------------------------------------------------
Sender: LSF System <lsfadmin@n-62-21-95>
Subject: Job 9103046: <mm_batch> in cluster <dcc> Done

Job <mm_batch> was submitted from host <gbarlogin1> by user <s202464> in cluster <dcc> at Fri Jan 15 10:13:13 2021
Job was executed on host(s) <16*n-62-21-95>, in queue <hpcintro>, as user <s202464> in cluster <dcc> at Fri Jan 15 10:13:14 2021
</zhome/7b/f/153842> was used as the home directory.
</zhome/7b/f/153842/high-performance-computing/assignment-2/gauss_seq> was used as the working directory.
Started at Fri Jan 15 10:13:14 2021
Terminated at Fri Jan 15 10:24:52 2021
Results reported at Fri Jan 15 10:24:52 2021

Your job looked like:

------------------------------------------------------------
# LSBATCH: User input
#!/bin/bash
#BSUB -J mm_batch
#BSUB -o mm_batch_%J.out
#BSUB -q hpcintro
#BSUB -n 16
#BSUB -R "rusage[mem=2048]"
#BSUB -W 15

EXECUTABLE_J=poisson_j
EXECUTABLE_GS=poisson_gs
MAX_ITER=5000
TOLERANCE=1
TEMPERATURE=10.0
OUTPUT_TYPE=4
OUTFILE="results.txt"
NUM_THREADS=1
rm $OUTFILE

echo "size(N) iter time(total) iter/s memory(kBytes)" >> $OUTFILE
for i in 50 75 100 125 150 175 200 
do
	OMP_NUM_THREADS=$NUM_THREADS ./$EXECUTABLE_GS $i $MAX_ITER $TOLERANCE $TEMPERATURE $OUTPUT_TYPE >> $OUTFILE
done


------------------------------------------------------------

Successfully completed.

Resource usage summary:

    CPU time :                                   697.19 sec.
    Max Memory :                                 188 MB
    Average Memory :                             147.12 MB
    Total Requested Memory :                     32768.00 MB
    Delta Memory :                               32580.00 MB
    Max Swap :                                   -
    Max Processes :                              4
    Max Threads :                                5
    Run time :                                   698 sec.
    Turnaround time :                            699 sec.

The output (if any) is above this job summary.

