/zhome/06/e/144589/.lsbatch/1610656437.9098856.shell: line 21: ./poisson_j: No such file or directory
/zhome/06/e/144589/.lsbatch/1610656437.9098856.shell: line 21: ./poisson_j: No such file or directory
/zhome/06/e/144589/.lsbatch/1610656437.9098856.shell: line 21: ./poisson_j: No such file or directory
/zhome/06/e/144589/.lsbatch/1610656437.9098856.shell: line 21: ./poisson_j: No such file or directory
/zhome/06/e/144589/.lsbatch/1610656437.9098856.shell: line 21: ./poisson_j: No such file or directory
/zhome/06/e/144589/.lsbatch/1610656437.9098856.shell: line 21: ./poisson_j: No such file or directory
/zhome/06/e/144589/.lsbatch/1610656437.9098856.shell: line 21: ./poisson_j: No such file or directory

------------------------------------------------------------
Sender: LSF System <lsfadmin@n-62-21-78>
Subject: Job 9098856: <mm_batch> in cluster <dcc> Exited

Job <mm_batch> was submitted from host <n-62-27-19> by user <s200140> in cluster <dcc> at Thu Jan 14 21:33:57 2021
Job was executed on host(s) <n-62-21-78>, in queue <hpcintro>, as user <s200140> in cluster <dcc> at Thu Jan 14 21:33:59 2021
</zhome/06/e/144589> was used as the home directory.
</zhome/06/e/144589/HPC/HPC-main/assignment-2r/gauss_omp> was used as the working directory.
Started at Thu Jan 14 21:33:59 2021
Terminated at Thu Jan 14 21:34:00 2021
Results reported at Thu Jan 14 21:34:00 2021

Your job looked like:

------------------------------------------------------------
# LSBATCH: User input
#!/bin/bash
#BSUB -J mm_batch
#BSUB -o mm_batch_%J.out
#BSUB -q hpcintro
#BSUB -n 1
#BSUB -R "rusage[mem=2048]"
#BSUB -W 15

EXECUTABLE_J=poisson_j
EXECUTABLE_GS=poisson_gs
MAX_ITER=100
TOLERANCE=0.1
TEMPERATURE=10.0
OUTPUT_TYPE=4
OUTFILE="results.txt"
rm $OUTFILE

echo "size(N) iter time(total) iter/s memory(kBytes)" >> $OUTFILE
for i in 50 75 100 125 150 175 200 
do
	./$EXECUTABLE_J $i $MAX_ITER $TOLERANCE $TEMPERATURE $OUTPUT_TYPE >> $OUTFILE
done


------------------------------------------------------------

Exited with exit code 127.

Resource usage summary:

    CPU time :                                   0.24 sec.
    Max Memory :                                 -
    Average Memory :                             -
    Total Requested Memory :                     2048.00 MB
    Delta Memory :                               -
    Max Swap :                                   -
    Max Processes :                              -
    Max Threads :                                -
    Run time :                                   0 sec.
    Turnaround time :                            3 sec.

The output (if any) is above this job summary.

