
------------------------------------------------------------
Sender: LSF System <lsfadmin@n-62-12-24>
Subject: Job 9159535: <jacobi> in cluster <dcc> Done

Job <jacobi> was submitted from host <gbarlogin1> by user <s200140> in cluster <dcc> at Wed Jan 20 18:53:25 2021
Job was executed on host(s) <n-62-12-24>, in queue <hpcintrogpu>, as user <s200140> in cluster <dcc> at Wed Jan 20 18:53:20 2021
</zhome/06/e/144589> was used as the home directory.
</zhome/06/e/144589/high-performance-computing-master/assignment-3/Poisson3D_gpu/1_Jac_seq> was used as the working directory.
Started at Wed Jan 20 18:53:20 2021
Terminated at Wed Jan 20 18:53:38 2021
Results reported at Wed Jan 20 18:53:38 2021

Your job looked like:

------------------------------------------------------------
# LSBATCH: User input
#!/bin/bash
#BSUB -J jacobi
#BSUB -o jacobi_%J.out
#BSUB -e jacobi_%J.err
#BSUB -q hpcintrogpu
#BSUB -gpu "num=1:mode=exclusive_process:mps=yes"
#BSUB -R "span[hosts=1]"
#BSUB -R "rusage[mem=1024MB]"

EXECUTABLE_J=poisson_j
EXECUTABLE_GS=poisson_gs
MAX_ITER=10
TEMPERATURE=10.0
OUTPUT_TYPE=4
OUTFILE="results.txt"
rm $OUTFILE

echo "size(N) iter time(total) iter/s memory(kBytes)" >> $OUTFILE
for i in 10 20 50 75 100 125 150
do
	./$EXECUTABLE_J $i $MAX_ITER $TEMPERATURE $OUTPUT_TYPE >> $OUTFILE
done


------------------------------------------------------------

Successfully completed.

Resource usage summary:

    CPU time :                                   21.00 sec.
    Max Memory :                                 15 MB
    Average Memory :                             15.00 MB
    Total Requested Memory :                     1024.00 MB
    Delta Memory :                               1009.00 MB
    Max Swap :                                   -
    Max Processes :                              4
    Max Threads :                                8
    Run time :                                   81 sec.
    Turnaround time :                            13 sec.

The output (if any) is above this job summary.



PS:

Read file <jacobi_9159535.err> for stderr output of this job.

