
------------------------------------------------------------
Sender: LSF System <lsfadmin@n-62-12-21>
Subject: Job 9176717: <matmul_gpu> in cluster <dcc> Done

Job <matmul_gpu> was submitted from host <n-62-12-19> by user <s202489> in cluster <dcc> at Fri Jan 22 22:10:46 2021
Job was executed on host(s) <n-62-12-21>, in queue <hpcintrogpu>, as user <s202489> in cluster <dcc> at Fri Jan 22 22:10:41 2021
</zhome/fe/3/153614> was used as the home directory.
</zhome/fe/3/153614/high-performance-computing/assignment-3/matmult_gpu> was used as the working directory.
Started at Fri Jan 22 22:10:41 2021
Terminated at Fri Jan 22 22:11:24 2021
Results reported at Fri Jan 22 22:11:24 2021

Your job looked like:

------------------------------------------------------------
# LSBATCH: User input
#!/bin/bash
#BSUB -q hpcintrogpu
#BSUB -J matmul_gpu
#BSUB -o matmul_gpu%J.out
#BSUB -e matmul_gpu%J.err
#BSUB -n 1
#BSUB -R "rusage[mem=5GB]"
#BSUB -W 60
#BSUB -gpu "num=1:mode=exclusive_process"

module load cuda/11.1
module load gcc/9.2.0
method="gpulib"
OUTFILE="results_gpulib.txt"
rm OUTFILE
EXECUTABLE=matmult_f.nvcc
declare -A ITER
ITER=([64]=100 [128]=100 [256]=100 [512]=100 [1024]=10 [2048]=1 [4096]=1 [8192]=1 [10240]=1 )

for size in 64 128 256 512 1024 2048 4096 8192
do
	MFLOPS_MAX_IT=${ITER[${size}]} MATMULT_COMPARE=0 ./matmult_f.nvcc $method $size $size $size >> $OUTFILE
done

------------------------------------------------------------

Successfully completed.

Resource usage summary:

    CPU time :                                   28.99 sec.
    Max Memory :                                 657 MB
    Average Memory :                             657.00 MB
    Total Requested Memory :                     5120.00 MB
    Delta Memory :                               4463.00 MB
    Max Swap :                                   -
    Max Processes :                              4
    Max Threads :                                7
    Run time :                                   125 sec.
    Turnaround time :                            38 sec.

The output (if any) is above this job summary.



PS:

Read file <matmul_gpu9176717.err> for stderr output of this job.

