Loaded module: studio/12u6

------------------------------------------------------------
Sender: LSF System <lsfadmin@n-62-21-78>
Subject: Job 8691647: <collector> in cluster <dcc> Done

Job <collector> was submitted from host <gbarlogin1> by user <s202464> in cluster <dcc> at Thu Jan  7 20:24:46 2021
Job was executed on host(s) <n-62-21-78>, in queue <hpcintro>, as user <s202464> in cluster <dcc> at Thu Jan  7 20:31:11 2021
</zhome/7b/f/153842> was used as the home directory.
</zhome/7b/f/153842/high-performance-computing/assignment-1_O0> was used as the working directory.
Started at Thu Jan  7 20:31:11 2021
Terminated at Thu Jan  7 20:32:42 2021
Results reported at Thu Jan  7 20:32:42 2021

Your job looked like:

------------------------------------------------------------
# LSBATCH: User input
#!/bin/bash
# 02614 - High-Performance Computing

#BSUB -J collector
#BSUB -o collector_%J.out
#BSUB -q hpcintro
#BSUB -n 1
#BSUB -R "rusage[mem=2048]"
#BSUB -W 15

# bash file to the test performance for
# different block sizes

module load studio

OUTFILE=matmult_out.blocks.gcc.txt
EXECUTABLE=matmult_c.gcc

# define MKN sizes 
MKN="100 100 100"

# set the type of permutation (blk for blocks)
PERM="blk"

# loop over the different sizes of blocks
for bls in 1 5 10 20 25 50 100
do
	BLKSIZE="${bls}"

	# define the max no. of iterations the driver should use - adjust to
	# get a reasonable run time.  You can get an estimate by trying this
	# on the command line, i.e. "MFLOPS_MAX_IT=10 ./matmult_...." for the
	# problem size you want to analyze.
	export MFLOPS_MAX_IT=1000

	printf "${MKN} ${PERM} ${BLKSIZE}" >> $OUTFILE
    MATMULT_COMPARE=0 /usr/bin/time -f'%E' ./$EXECUTABLE $PERM $MKN $BLKSIZE >> $OUTFILE 2>&1
done

------------------------------------------------------------

Successfully completed.

Resource usage summary:

    CPU time :                                   90.27 sec.
    Max Memory :                                 4 MB
    Average Memory :                             4.00 MB
    Total Requested Memory :                     2048.00 MB
    Delta Memory :                               2044.00 MB
    Max Swap :                                   -
    Max Processes :                              5
    Max Threads :                                6
    Run time :                                   90 sec.
    Turnaround time :                            476 sec.

The output (if any) is above this job summary.

