Loaded module: studio/12u6
Creating experiment database collector.8691649.er (Process ID: 6486) ...
   234.375    312.774 # matmult_mnk
   234.375    313.100 # matmult_mkn
   234.375    313.223 # matmult_kmn
   234.375    301.349 # matmult_knm
   234.375    300.736 # matmult_nkm
   234.375    314.729 # matmult_nmk

------------------------------------------------------------
Sender: LSF System <lsfadmin@n-62-21-76>
Subject: Job 8691649: <collector> in cluster <dcc> Done

Job <collector> was submitted from host <gbarlogin1> by user <s202464> in cluster <dcc> at Thu Jan  7 20:24:53 2021
Job was executed on host(s) <n-62-21-76>, in queue <hpcintro>, as user <s202464> in cluster <dcc> at Thu Jan  7 20:32:44 2021
</zhome/7b/f/153842> was used as the home directory.
</zhome/7b/f/153842/high-performance-computing/assignment-1_O0> was used as the working directory.
Started at Thu Jan  7 20:32:44 2021
Terminated at Thu Jan  7 20:33:36 2021
Results reported at Thu Jan  7 20:33:36 2021

Your job looked like:

------------------------------------------------------------
# LSBATCH: User input
#!/bin/bash
# 02614 - High-Performance Computing, January 2018
# 
# batch script to run collect on a decidated server in the hpcintro
# queue
#
# Author: Bernd Dammann <bd@cc.dtu.dk>
#
#BSUB -J collector
#BSUB -o collector_%J.out
#BSUB -q hpcintro
#BSUB -n 1
#BSUB -R "rusage[mem=2048]"
#BSUB -W 15

module load studio

# define the driver name to use
# valid values: matmult_c.studio, matmult_f.studio, matmult_c.gcc or
# matmult_f.gcc
#
EXECUTABLE=matmult_c.gcc

# define the mkn values in the MKN variable
#
MKN="100 100 100"

# define the permutation type in PERM
#
PERM="per"

# uncomment and set a reasonable BLKSIZE for the blk version
#
# BLKSIZE=1

# define the max no. of iterations the driver should use - adjust to
# get a reasonable run time.  You can get an estimate by trying this
# on the command line, i.e. "MFLOPS_MAX_IT=10 ./matmult_...." for the
# problem size you want to analyze.
#
export MFLOPS_MAX_IT=1000
export MATMULT_COMPARE=0

# experiment name 
#
JID=${LSB_JOBID}
EXPOUT="$LSB_JOBNAME.${JID}.er"
CACHEPRINT="cacheprint_${JID}.txt"

# uncomment the HWCOUNT line, if you want to use hardware counters

(... more ...)
------------------------------------------------------------

Successfully completed.

Resource usage summary:

    CPU time :                                   39.24 sec.
    Max Memory :                                 28 MB
    Average Memory :                             9.33 MB
    Total Requested Memory :                     2048.00 MB
    Delta Memory :                               2020.00 MB
    Max Swap :                                   -
    Max Processes :                              4
    Max Threads :                                5
    Run time :                                   51 sec.
    Turnaround time :                            523 sec.

The output (if any) is above this job summary.

