     2.344    856.657 0 # matmult_mnk
    58.594   1441.538 0 # matmult_mnk
   234.375   1415.617 0 # matmult_mnk
   937.500   1210.833 0 # matmult_mnk
  5859.375   1074.968 0 # matmult_mnk

------------------------------------------------------------
Sender: LSF System <lsfadmin@n-62-21-78>
Subject: Job 8686529: <mm_batch> in cluster <dcc> Done

Job <mm_batch> was submitted from host <gbarlogin1> by user <s202464> in cluster <dcc> at Thu Jan  7 15:16:54 2021
Job was executed on host(s) <n-62-21-78>, in queue <hpcintro>, as user <s202464> in cluster <dcc> at Thu Jan  7 15:16:56 2021
</zhome/7b/f/153842> was used as the home directory.
</zhome/7b/f/153842/high-performance-computing/assignment-1> was used as the working directory.
Started at Thu Jan  7 15:16:56 2021
Terminated at Thu Jan  7 15:17:12 2021
Results reported at Thu Jan  7 15:17:12 2021

Your job looked like:

------------------------------------------------------------
# LSBATCH: User input
#!/bin/bash
# 02614 - High-Performance Computing, January 2018
# 
# batch script to run matmult on a decidated server in the hpcintro
# queue
#
# Author: Bernd Dammann <bd@cc.dtu.dk>
#
#BSUB -J mm_batch
#BSUB -o mm_batch_%J.out
#BSUB -q hpcintro
#BSUB -n 1
#BSUB -R "rusage[mem=2048]"
#BSUB -W 15

# define the driver name to use
# valid values: matmult_c.studio, matmult_f.studio, matmult_c.gcc or
# matmult_f.gcc
#
EXECUTABLE=matmult_c.gcc

# define the mkn values in the MKN variable
#
SIZES="10 50 100 200 500"

# define the permutation type in PERM
#
PERM="mnk"

# uncomment and set a reasonable BLKSIZE for the blk version
#
# BLKSIZE=1

# enable(1)/disable(0) result checking
export MATMULT_COMPARE=1

# start the collect command with the above settings
for S in $SIZES
do
    ./$EXECUTABLE $PERM $S $S $S $BLKSIZE
done

------------------------------------------------------------

Successfully completed.

Resource usage summary:

    CPU time :                                   15.40 sec.
    Max Memory :                                 5 MB
    Average Memory :                             5.00 MB
    Total Requested Memory :                     2048.00 MB
    Delta Memory :                               2043.00 MB
    Max Swap :                                   -
    Max Processes :                              4
    Max Threads :                                5
    Run time :                                   18 sec.
    Turnaround time :                            18 sec.

The output (if any) is above this job summary.

