
libgomp: Invalid value for environment variable OMP_NUM_THREADS
Write VTK file to poisson_res_50.vtk: 
libgomp: Invalid value for environment variable OMP_NUM_THREADS
Write VTK file to poisson_res_50.vtk: 
libgomp: Invalid value for environment variable OMP_NUM_THREADS
Write VTK file to poisson_res_50.vtk: 
libgomp: Invalid value for environment variable OMP_NUM_THREADS
Write VTK file to poisson_res_50.vtk: 
libgomp: Invalid value for environment variable OMP_NUM_THREADS
Write VTK file to poisson_res_50.vtk: 
libgomp: Invalid value for environment variable OMP_NUM_THREADS
Write VTK file to poisson_res_75.vtk: 
libgomp: Invalid value for environment variable OMP_NUM_THREADS
Write VTK file to poisson_res_75.vtk: 
libgomp: Invalid value for environment variable OMP_NUM_THREADS
Write VTK file to poisson_res_75.vtk: 
libgomp: Invalid value for environment variable OMP_NUM_THREADS
Write VTK file to poisson_res_75.vtk: 
libgomp: Invalid value for environment variable OMP_NUM_THREADS
Write VTK file to poisson_res_75.vtk: 
libgomp: Invalid value for environment variable OMP_NUM_THREADS
Write VTK file to poisson_res_100.vtk: 
libgomp: Invalid value for environment variable OMP_NUM_THREADS
Write VTK file to poisson_res_100.vtk: 
libgomp: Invalid value for environment variable OMP_NUM_THREADS
Write VTK file to poisson_res_100.vtk: 
libgomp: Invalid value for environment variable OMP_NUM_THREADS
Write VTK file to poisson_res_100.vtk: 
libgomp: Invalid value for environment variable OMP_NUM_THREADS
Write VTK file to poisson_res_100.vtk: 
libgomp: Invalid value for environment variable OMP_NUM_THREADS
Write VTK file to poisson_res_125.vtk: 
libgomp: Invalid value for environment variable OMP_NUM_THREADS
Write VTK file to poisson_res_125.vtk: 
libgomp: Invalid value for environment variable OMP_NUM_THREADS
Write VTK file to poisson_res_125.vtk: 
libgomp: Invalid value for environment variable OMP_NUM_THREADS
Write VTK file to poisson_res_125.vtk: 
libgomp: Invalid value for environment variable OMP_NUM_THREADS
Write VTK file to poisson_res_125.vtk: 
libgomp: Invalid value for environment variable OMP_NUM_THREADS
Write VTK file to poisson_res_150.vtk: 
libgomp: Invalid value for environment variable OMP_NUM_THREADS
Write VTK file to poisson_res_150.vtk: 
libgomp: Invalid value for environment variable OMP_NUM_THREADS
Write VTK file to poisson_res_150.vtk: 
libgomp: Invalid value for environment variable OMP_NUM_THREADS
Write VTK file to poisson_res_150.vtk: 
libgomp: Invalid value for environment variable OMP_NUM_THREADS
Write VTK file to poisson_res_150.vtk: 
libgomp: Invalid value for environment variable OMP_NUM_THREADS
Write VTK file to poisson_res_175.vtk: 
libgomp: Invalid value for environment variable OMP_NUM_THREADS
Write VTK file to poisson_res_175.vtk: 
libgomp: Invalid value for environment variable OMP_NUM_THREADS
Write VTK file to poisson_res_175.vtk: 
libgomp: Invalid value for environment variable OMP_NUM_THREADS
Write VTK file to poisson_res_175.vtk: 
libgomp: Invalid value for environment variable OMP_NUM_THREADS
Write VTK file to poisson_res_175.vtk: 
libgomp: Invalid value for environment variable OMP_NUM_THREADS
Write VTK file to poisson_res_200.vtk: 
libgomp: Invalid value for environment variable OMP_NUM_THREADS
Write VTK file to poisson_res_200.vtk: 
libgomp: Invalid value for environment variable OMP_NUM_THREADS
Write VTK file to poisson_res_200.vtk: 
libgomp: Invalid value for environment variable OMP_NUM_THREADS
Write VTK file to poisson_res_200.vtk: 
libgomp: Invalid value for environment variable OMP_NUM_THREADS
Write VTK file to poisson_res_200.vtk: 
------------------------------------------------------------
Sender: LSF System <lsfadmin@n-62-21-78>
Subject: Job 9102060: <mm_batch> in cluster <dcc> Done

Job <mm_batch> was submitted from host <gbarlogin1> by user <s202489> in cluster <dcc> at Thu Jan 14 23:29:12 2021
Job was executed on host(s) <16*n-62-21-78>, in queue <hpcintro>, as user <s202489> in cluster <dcc> at Thu Jan 14 23:29:13 2021
</zhome/fe/3/153614> was used as the home directory.
</zhome/fe/3/153614/high-performance-computing/assignment-2r/gauss_omp> was used as the working directory.
Started at Thu Jan 14 23:29:13 2021
Terminated at Thu Jan 14 23:31:50 2021
Results reported at Thu Jan 14 23:31:50 2021

Your job looked like:

------------------------------------------------------------
# LSBATCH: User input
#!/bin/bash
#BSUB -J mm_batch
#BSUB -o mm_batch_%J.out
#BSUB -q hpcintro
#BSUB -n 16
#BSUB -R "rusage[mem=2048]"
#BSUB -W 15

#EXECUTABLE_J=poisson_j
EXECUTABLE_GS=poisson_gs
MAX_ITER=1000
TOLERANCE=0.1
TEMPERATURE=10.0
OUTPUT_TYPE=4
OUTFILE="results.txt"
rm $OUTFILE

echo "size(N) iter time(total) iter/s memory(kBytes)" >> $OUTFILE
for i in 50 75 100 125 150 175 200 
do
	for NUM_THREADS in 1 2 4 8 16
	do
		OMP_NUM_THREADS=$NUM_TRHEADS ./$EXECUTABLE_GS $i $MAX_ITER $TOLERANCE $TEMPERATURE $OUTPUT_TYPE >> $OUTFILE
	done
done


------------------------------------------------------------

Successfully completed.

Resource usage summary:

    CPU time :                                   2236.94 sec.
    Max Memory :                                 188 MB
    Average Memory :                             147.75 MB
    Total Requested Memory :                     32768.00 MB
    Delta Memory :                               32580.00 MB
    Max Swap :                                   -
    Max Processes :                              4
    Max Threads :                                20
    Run time :                                   157 sec.
    Turnaround time :                            158 sec.

The output (if any) is above this job summary.

