Loaded module: studio/12u6
Creating experiment database collector.8689809.er (Process ID: 24757) ...
   234.375   1426.767 # matmult_mnk
   234.375   3372.806 # matmult_mkn
   234.375   3408.067 # matmult_kmn
   234.375   1356.323 # matmult_knm
   234.375   1352.969 # matmult_nkm
   234.375   1432.107 # matmult_nmk

------------------------------------------------------------
Sender: LSF System <lsfadmin@n-62-21-77>
Subject: Job 8689809: <collector> in cluster <dcc> Done

Job <collector> was submitted from host <gbarlogin1> by user <s202464> in cluster <dcc> at Thu Jan  7 19:48:56 2021
Job was executed on host(s) <n-62-21-77>, in queue <hpcintro>, as user <s202464> in cluster <dcc> at Thu Jan  7 19:51:33 2021
</zhome/7b/f/153842> was used as the home directory.
</zhome/7b/f/153842/high-performance-computing/assignment-1_O3> was used as the working directory.
Started at Thu Jan  7 19:51:33 2021
Terminated at Thu Jan  7 19:51:53 2021
Results reported at Thu Jan  7 19:51:53 2021

Your job looked like:

------------------------------------------------------------
# LSBATCH: User input
#!/bin/bash
# 02614 - High-Performance Computing, January 2018
# 
# batch script to run collect on a decidated server in the hpcintro
# queue
#
# Author: Bernd Dammann <bd@cc.dtu.dk>
#
#BSUB -J collector
#BSUB -o collector_%J.out
#BSUB -q hpcintro
#BSUB -n 1
#BSUB -R "rusage[mem=2048]"
#BSUB -W 15

module load studio

# define the driver name to use
# valid values: matmult_c.studio, matmult_f.studio, matmult_c.gcc or
# matmult_f.gcc
#
EXECUTABLE=matmult_c.gcc

# define the mkn values in the MKN variable
#
MKN="100 100 100"

# define the permutation type in PERM
#
PERM="per"

# uncomment and set a reasonable BLKSIZE for the blk version
#
# BLKSIZE=1

# define the max no. of iterations the driver should use - adjust to
# get a reasonable run time.  You can get an estimate by trying this
# on the command line, i.e. "MFLOPS_MAX_IT=10 ./matmult_...." for the
# problem size you want to analyze.
#
export MFLOPS_MAX_IT=1000
export MATMULT_COMPARE=0

# experiment name 
#
JID=${LSB_JOBID}
EXPOUT="$LSB_JOBNAME.${JID}.er"
CACHEPRINT="cacheprint_${JID}.txt"

# uncomment the HWCOUNT line, if you want to use hardware counters

(... more ...)
------------------------------------------------------------

Successfully completed.

Resource usage summary:

    CPU time :                                   7.33 sec.
    Max Memory :                                 -
    Average Memory :                             -
    Total Requested Memory :                     2048.00 MB
    Delta Memory :                               -
    Max Swap :                                   -
    Max Processes :                              1
    Max Threads :                                1
    Run time :                                   20 sec.
    Turnaround time :                            177 sec.

The output (if any) is above this job summary.

